#
# There is insufficient memory for the Java Runtime Environment to continue.
# Native memory allocation (malloc) failed to allocate 274400 bytes. Error detail: Chunk::new
# Possible reasons:
#   The system is out of physical RAM or swap space
#   This process is running with CompressedOops enabled, and the Java Heap may be blocking the growth of the native heap
# Possible solutions:
#   Reduce memory load on the system
#   Increase physical memory or swap space
#   Check if swap backing store is full
#   Decrease Java heap size (-Xmx/-Xms)
#   Decrease number of Java threads
#   Decrease Java thread stack sizes (-Xss)
#   Set larger code cache with -XX:ReservedCodeCacheSize=
#   JVM is running with Unscaled Compressed Oops mode in which the Java heap is
#     placed in the first 4GB address space. The Java Heap base address is the
#     maximum limit for the native heap growth. Please use -XX:HeapBaseMinAddress
#     to set the Java Heap base and to place the Java Heap above 4GB virtual address.
# This output file may be truncated or incomplete.
#
#  Out of Memory Error (arena.cpp:168), pid=21804, tid=20456
#
# JRE version: OpenJDK Runtime Environment Temurin-21.0.10+7 (21.0.10+7) (build 21.0.10+7-LTS)
# Java VM: OpenJDK 64-Bit Server VM Temurin-21.0.10+7 (21.0.10+7-LTS, mixed mode, sharing, tiered, compressed oops, compressed class ptrs, parallel gc, windows-amd64)
# No core dump will be written. Minidumps are not enabled by default on client versions of Windows
#

---------------  S U M M A R Y ------------

Command Line: --add-modules=ALL-SYSTEM --add-opens=java.base/java.util=ALL-UNNAMED --add-opens=java.base/java.lang=ALL-UNNAMED --add-opens=java.base/sun.nio.fs=ALL-UNNAMED -Declipse.application=org.eclipse.jdt.ls.core.id1 -Dosgi.bundles.defaultStartLevel=4 -Declipse.product=org.eclipse.jdt.ls.core.product -Djava.import.generatesMetadataFilesAtProjectRoot=false -DDetectVMInstallationsJob.disabled=true -Dfile.encoding=utf8 -XX:+UseParallelGC -XX:GCTimeRatio=4 -XX:AdaptiveSizePolicyWeight=90 -Dsun.zip.disableMemoryMapping=true -Xmx2G -Xms100m -Xlog:disable -javaagent:c:\Users\Lenovo\.vscode\extensions\redhat.java-1.53.0-win32-x64\lombok\lombok-1.18.39-4050.jar -XX:+HeapDumpOnOutOfMemoryError -XX:HeapDumpPath=c:\Users\Lenovo\AppData\Roaming\Code\User\workspaceStorage\2c69eb0acc150a80d6cf29dba5d13a46\redhat.java -Daether.dependencyCollector.impl=bf c:\Users\Lenovo\.vscode\extensions\redhat.java-1.53.0-win32-x64\server\plugins\org.eclipse.equinox.launcher_1.7.100.v20251111-0406.jar -configuration c:\Users\Lenovo\AppData\Roaming\Code\User\globalStorage\redhat.java\1.53.0\config_win -data c:\Users\Lenovo\AppData\Roaming\Code\User\workspaceStorage\2c69eb0acc150a80d6cf29dba5d13a46\redhat.java\jdt_ws --pipe=\\.\pipe\lsp-6fdbd848ba31a6ec2a9eba0f3791b7d5-sock

Host: AMD Ryzen 3 7320U with Radeon Graphics         , 8 cores, 5G,  Windows 11 , 64 bit Build 26100 (10.0.26100.7705)
Time: Tue Mar 10 20:54:06 2026 India Standard Time elapsed time: 32.907945 seconds (0d 0h 0m 32s)

---------------  T H R E A D  ---------------

Current thread (0x0000026dcd442510):  JavaThread "C2 CompilerThread0" daemon [_thread_in_native, id=20456, stack(0x000000eba6f00000,0x000000eba7000000) (1024K)]


Current CompileTask:
C2:32908 3414 %     4       sun.nio.fs.WindowsPathParser::normalize @ 18 (233 bytes)

Stack: [0x000000eba6f00000,0x000000eba7000000]
Native frames: (J=compiled Java code, j=interpreted, Vv=VM code, C=native code)
V  [jvm.dll+0x6d7a39]
V  [jvm.dll+0x8b4b26]
V  [jvm.dll+0x8b70de]
V  [jvm.dll+0x8b77c3]
V  [jvm.dll+0x284346]
V  [jvm.dll+0xc66ed]
V  [jvm.dll+0xc6c31]
V  [jvm.dll+0x3bec3b]
V  [jvm.dll+0x1e3d62]
V  [jvm.dll+0x24c6b3]
V  [jvm.dll+0x24bb40]
V  [jvm.dll+0x1cb34e]
V  [jvm.dll+0x25b85d]
V  [jvm.dll+0x259dea]
V  [jvm.dll+0x3f857e]
V  [jvm.dll+0x85f59d]
V  [jvm.dll+0x6d626d]
C  [ucrtbase.dll+0x37b0]
C  [KERNEL32.DLL+0x2e8d7]
C  [ntdll.dll+0x8c40c]


---------------  P R O C E S S  ---------------

Threads class SMR info:
_java_thread_list=0x0000026de56f8a80, length=20, elements={
0x0000026dcd4ad560, 0x0000026dcd56bc40, 0x0000026dcd424710, 0x0000026dcd4271f0,
0x0000026dcd429d60, 0x0000026dcd42c330, 0x0000026dcd4332a0, 0x0000026dcd442510,
0x0000026de5710390, 0x0000026de5949480, 0x0000026dea06ffa0, 0x0000026dea6f0e00,
0x0000026dea7db230, 0x0000026dea753f80, 0x0000026de583dfa0, 0x0000026deabaa5b0,
0x0000026deadb05d0, 0x0000026de5a12270, 0x0000026deb096c00, 0x0000026deb095850
}

Java Threads: ( => current thread )
  0x0000026dcd4ad560 JavaThread "main"                              [_thread_blocked, id=18744, stack(0x000000eba6500000,0x000000eba6600000) (1024K)]
  0x0000026dcd56bc40 JavaThread "Reference Handler"          daemon [_thread_blocked, id=8764, stack(0x000000eba6900000,0x000000eba6a00000) (1024K)]
  0x0000026dcd424710 JavaThread "Finalizer"                  daemon [_thread_blocked, id=11696, stack(0x000000eba6a00000,0x000000eba6b00000) (1024K)]
  0x0000026dcd4271f0 JavaThread "Signal Dispatcher"          daemon [_thread_blocked, id=4312, stack(0x000000eba6b00000,0x000000eba6c00000) (1024K)]
  0x0000026dcd429d60 JavaThread "Attach Listener"            daemon [_thread_blocked, id=9124, stack(0x000000eba6c00000,0x000000eba6d00000) (1024K)]
  0x0000026dcd42c330 JavaThread "Service Thread"             daemon [_thread_blocked, id=21072, stack(0x000000eba6d00000,0x000000eba6e00000) (1024K)]
  0x0000026dcd4332a0 JavaThread "Monitor Deflation Thread"   daemon [_thread_blocked, id=13428, stack(0x000000eba6e00000,0x000000eba6f00000) (1024K)]
=>0x0000026dcd442510 JavaThread "C2 CompilerThread0"         daemon [_thread_in_native, id=20456, stack(0x000000eba6f00000,0x000000eba7000000) (1024K)]
  0x0000026de5710390 JavaThread "C1 CompilerThread0"         daemon [_thread_blocked, id=17380, stack(0x000000eba7000000,0x000000eba7100000) (1024K)]
  0x0000026de5949480 JavaThread "Common-Cleaner"             daemon [_thread_blocked, id=10040, stack(0x000000eba7100000,0x000000eba7200000) (1024K)]
  0x0000026dea06ffa0 JavaThread "Notification Thread"        daemon [_thread_blocked, id=23816, stack(0x000000eba7200000,0x000000eba7300000) (1024K)]
  0x0000026dea6f0e00 JavaThread "Active Thread: Equinox Container: 14568b36-8ae5-43ce-a63f-89b2530f246d"        [_thread_blocked, id=11672, stack(0x000000eba7a00000,0x000000eba7b00000) (1024K)]
  0x0000026dea7db230 JavaThread "Refresh Thread: Equinox Container: 14568b36-8ae5-43ce-a63f-89b2530f246d" daemon [_thread_blocked, id=3756, stack(0x000000eba7300000,0x000000eba7400000) (1024K)]
  0x0000026dea753f80 JavaThread "Framework Event Dispatcher: Equinox Container: 14568b36-8ae5-43ce-a63f-89b2530f246d" daemon [_thread_blocked, id=23548, stack(0x000000eba7c00000,0x000000eba7d00000) (1024K)]
  0x0000026de583dfa0 JavaThread "Start Level: Equinox Container: 14568b36-8ae5-43ce-a63f-89b2530f246d" daemon [_thread_in_native, id=19048, stack(0x000000eba7d00000,0x000000eba7e00000) (1024K)]
  0x0000026deabaa5b0 JavaThread "Bundle File Closer"         daemon [_thread_blocked, id=3120, stack(0x000000eba7f00000,0x000000eba8000000) (1024K)]
  0x0000026deadb05d0 JavaThread "SCR Component Actor"        daemon [_thread_blocked, id=11384, stack(0x000000eba7e00000,0x000000eba7f00000) (1024K)]
  0x0000026de5a12270 JavaThread "Worker-JM"                         [_thread_blocked, id=14888, stack(0x000000eba8000000,0x000000eba8100000) (1024K)]
  0x0000026deb096c00 JavaThread "Worker-0: Checking project encoding"        [_thread_blocked, id=24332, stack(0x000000eba8100000,0x000000eba8200000) (1024K)]
  0x0000026deb095850 JavaThread "Worker-1"                          [_thread_blocked, id=6664, stack(0x000000eba8200000,0x000000eba8300000) (1024K)]
Total: 20

Other Threads:
  0x0000026dcd421cc0 VMThread "VM Thread"                           [id=10548, stack(0x000000eba6800000,0x000000eba6900000) (1024K)]
  0x0000026dcd33ca00 WatcherThread "VM Periodic Task Thread"        [id=260, stack(0x000000eba6700000,0x000000eba6800000) (1024K)]
  0x0000026dcd4cca00 WorkerThread "GC Thread#0"                     [id=24044, stack(0x000000eba6600000,0x000000eba6700000) (1024K)]
  0x0000026dea38ac40 WorkerThread "GC Thread#1"                     [id=18868, stack(0x000000eba7400000,0x000000eba7500000) (1024K)]
  0x0000026dea6a6840 WorkerThread "GC Thread#2"                     [id=15332, stack(0x000000eba7500000,0x000000eba7600000) (1024K)]
  0x0000026dea25fb60 WorkerThread "GC Thread#3"                     [id=6668, stack(0x000000eba7600000,0x000000eba7700000) (1024K)]
  0x0000026dea34ce50 WorkerThread "GC Thread#4"                     [id=12152, stack(0x000000eba7700000,0x000000eba7800000) (1024K)]
  0x0000026dea34d200 WorkerThread "GC Thread#5"                     [id=12668, stack(0x000000eba7800000,0x000000eba7900000) (1024K)]
  0x0000026dea49fac0 WorkerThread "GC Thread#6"                     [id=22160, stack(0x000000eba7900000,0x000000eba7a00000) (1024K)]
  0x0000026dea7cba40 WorkerThread "GC Thread#7"                     [id=9096, stack(0x000000eba7b00000,0x000000eba7c00000) (1024K)]
Total: 10

Threads with active compile tasks:
C2 CompilerThread0  32954 3414 %     4       sun.nio.fs.WindowsPathParser::normalize @ 18 (233 bytes)
Total: 1

VM state: not at safepoint (normal execution)

VM Mutex/Monitor currently owned by a thread: None

Heap address: 0x0000000080000000, size: 2048 MB, Compressed Oops mode: 32-bit

CDS archive(s) mapped at: [0x0000026d80000000-0x0000026d80ba0000-0x0000026d80ba0000), size 12189696, SharedBaseAddress: 0x0000026d80000000, ArchiveRelocationMode: 1.
Compressed class space mapped at: 0x0000026d81000000-0x0000026dc1000000, reserved size: 1073741824
Narrow klass base: 0x0000026d80000000, Narrow klass shift: 0, Narrow klass range: 0x100000000

GC Precious Log:
 CardTable entry size: 512
 CPUs: 8 total, 8 available
 Memory: 5965M
 Large Page Support: Disabled
 NUMA Support: Disabled
 Compressed Oops: Enabled (32-bit)
 Alignments: Space 512K, Generation 512K, Heap 2M
 Heap Min Capacity: 100M
 Heap Initial Capacity: 100M
 Heap Max Capacity: 2G
 Pre-touch: Disabled
 Parallel Workers: 8

Heap:
 PSYoungGen      total 29184K, used 20772K [0x00000000d5580000, 0x00000000d7900000, 0x0000000100000000)
  eden space 25088K, 66% used [0x00000000d5580000,0x00000000d65d0820,0x00000000d6e00000)
  from space 4096K, 99% used [0x00000000d6e80000,0x00000000d7278928,0x00000000d7280000)
  to   space 5632K, 0% used [0x00000000d7380000,0x00000000d7380000,0x00000000d7900000)
 ParOldGen       total 68608K, used 7740K [0x0000000080000000, 0x0000000084300000, 0x00000000d5580000)
  object space 68608K, 11% used [0x0000000080000000,0x000000008078f180,0x0000000084300000)
 Metaspace       used 17709K, committed 18496K, reserved 1114112K
  class space    used 1856K, committed 2176K, reserved 1048576K

Card table byte_map: [0x0000026dcce50000,0x0000026dcd260000] _byte_map_base: 0x0000026dcca50000

Marking Bits: (ParMarkBitMap*) 0x00007fff4aca3450
 Begin Bits: [0x0000026ddf960000, 0x0000026de1960000)
 End Bits:   [0x0000026de1960000, 0x0000026de3960000)

Polling page: 0x0000026dcb300000

Metaspace:

Usage:
  Non-class:     15.48 MB used.
      Class:      1.81 MB used.
       Both:     17.29 MB used.

Virtual space:
  Non-class space:       64.00 MB reserved,      15.94 MB ( 25%) committed,  1 nodes.
      Class space:        1.00 GB reserved,       2.12 MB ( <1%) committed,  1 nodes.
             Both:        1.06 GB reserved,      18.06 MB (  2%) committed. 

Chunk freelists:
   Non-Class:  15.86 MB
       Class:  13.70 MB
        Both:  29.55 MB

MaxMetaspaceSize: unlimited
CompressedClassSpaceSize: 1.00 GB
Initial GC threshold: 21.00 MB
Current GC threshold: 21.00 MB
CDS: on
 - commit_granule_bytes: 65536.
 - commit_granule_words: 8192.
 - virtual_space_node_default_size: 8388608.
 - enlarge_chunks_in_place: 1.
 - use_allocation_guard: 0.


Internal statistics:

num_allocs_failed_limit: 0.
num_arena_births: 534.
num_arena_deaths: 0.
num_vsnodes_births: 2.
num_vsnodes_deaths: 0.
num_space_committed: 289.
num_space_uncommitted: 0.
num_chunks_returned_to_freelist: 0.
num_chunks_taken_from_freelist: 1191.
num_chunk_merges: 0.
num_chunk_splits: 759.
num_chunks_enlarged: 484.
num_inconsistent_stats: 0.

CodeHeap 'non-profiled nmethods': size=120000Kb used=1470Kb max_used=1470Kb free=118529Kb
 bounds [0x0000026dd8180000, 0x0000026dd83f0000, 0x0000026ddf6b0000]
CodeHeap 'profiled nmethods': size=120000Kb used=6924Kb max_used=6924Kb free=113075Kb
 bounds [0x0000026dd06b0000, 0x0000026dd0d80000, 0x0000026dd7be0000]
CodeHeap 'non-nmethods': size=5760Kb used=1267Kb max_used=1310Kb free=4492Kb
 bounds [0x0000026dd7be0000, 0x0000026dd7e50000, 0x0000026dd8180000]
CodeCache: size=245760Kb, used=9661Kb, max_used=9704Kb, free=236096Kb
 total_blobs=3961, nmethods=3420, adapters=447, full_count=0
Compilation: enabled, stopped_count=0, restarted_count=0

Compilation events (20 events):
Event: 30.814 Thread 0x0000026de5710390 nmethod 3408 0x0000026dd0d69b10 code [0x0000026dd0d69cc0, 0x0000026dd0d69e28]
Event: 30.814 Thread 0x0000026de5710390 3409       3       java.util.zip.ZipUtils::ENDTOT (7 bytes)
Event: 30.814 Thread 0x0000026de5710390 nmethod 3409 0x0000026dd0d69f10 code [0x0000026dd0d6a0c0, 0x0000026dd0d6a260]
Event: 30.815 Thread 0x0000026de5710390 3410       3       java.util.zip.ZipUtils::ENDSIZ (7 bytes)
Event: 30.815 Thread 0x0000026de5710390 nmethod 3410 0x0000026dd0d6a390 code [0x0000026dd0d6a540, 0x0000026dd0d6a800]
Event: 30.815 Thread 0x0000026de5710390 3411       3       java.util.zip.ZipUtils::GETSIG (6 bytes)
Event: 30.815 Thread 0x0000026de5710390 nmethod 3411 0x0000026dd0d6a990 code [0x0000026dd0d6ab40, 0x0000026dd0d6ae00]
Event: 30.836 Thread 0x0000026de5710390 3412       3       java.util.zip.ZipFile::<init> (7 bytes)
Event: 30.836 Thread 0x0000026de5710390 nmethod 3412 0x0000026dd0d6af90 code [0x0000026dd0d6b140, 0x0000026dd0d6b2e8]
Event: 30.859 Thread 0x0000026de5710390 3413   !   3       org.eclipse.osgi.framework.util.SecureAction::getZipFile (131 bytes)
Event: 30.860 Thread 0x0000026de5710390 nmethod 3413 0x0000026dd0d6b410 code [0x0000026dd0d6b700, 0x0000026dd0d6c430]
Event: 30.864 Thread 0x0000026dcd442510 3414 %     4       sun.nio.fs.WindowsPathParser::normalize @ 18 (233 bytes)
Event: 30.880 Thread 0x0000026de5710390 3416       3       org.eclipse.osgi.framework.eventmgr.ListenerQueue::<init> (38 bytes)
Event: 30.881 Thread 0x0000026de5710390 nmethod 3416 0x0000026dd0d6ca90 code [0x0000026dd0d6cc60, 0x0000026dd0d6d080]
Event: 30.893 Thread 0x0000026de5710390 3418       3       java.util.TreeMap::put (221 bytes)
Event: 30.894 Thread 0x0000026de5710390 nmethod 3418 0x0000026dd0d6d210 code [0x0000026dd0d6d480, 0x0000026dd0d6df68]
Event: 30.894 Thread 0x0000026de5710390 3417       3       java.util.TreeMap::put (8 bytes)
Event: 30.895 Thread 0x0000026de5710390 nmethod 3417 0x0000026dd0d6e290 code [0x0000026dd0d6e440, 0x0000026dd0d6e580]
Event: 31.001 Thread 0x0000026de5710390 3419   !   3       java.util.concurrent.locks.AbstractQueuedSynchronizer::acquire (424 bytes)
Event: 32.902 Thread 0x0000026de5710390 nmethod 3419 0x0000026dd0d6e610 code [0x0000026dd0d6e9a0, 0x0000026dd0d70188]

GC Heap History (10 events):
Event: 2.531 GC heap before
{Heap before GC invocations=1 (full 0):
 PSYoungGen      total 29696K, used 25600K [0x00000000d5580000, 0x00000000d7680000, 0x0000000100000000)
  eden space 25600K, 100% used [0x00000000d5580000,0x00000000d6e80000,0x00000000d6e80000)
  from space 4096K, 0% used [0x00000000d7280000,0x00000000d7280000,0x00000000d7680000)
  to   space 4096K, 0% used [0x00000000d6e80000,0x00000000d6e80000,0x00000000d7280000)
 ParOldGen       total 68608K, used 0K [0x0000000080000000, 0x0000000084300000, 0x00000000d5580000)
  object space 68608K, 0% used [0x0000000080000000,0x0000000080000000,0x0000000084300000)
 Metaspace       used 4367K, committed 4608K, reserved 1114112K
  class space    used 474K, committed 576K, reserved 1048576K
}
Event: 2.546 GC heap after
{Heap after GC invocations=1 (full 0):
 PSYoungGen      total 29696K, used 3303K [0x00000000d5580000, 0x00000000d7680000, 0x0000000100000000)
  eden space 25600K, 0% used [0x00000000d5580000,0x00000000d5580000,0x00000000d6e80000)
  from space 4096K, 80% used [0x00000000d6e80000,0x00000000d71b9e98,0x00000000d7280000)
  to   space 4096K, 0% used [0x00000000d7280000,0x00000000d7280000,0x00000000d7680000)
 ParOldGen       total 68608K, used 16K [0x0000000080000000, 0x0000000084300000, 0x00000000d5580000)
  object space 68608K, 0% used [0x0000000080000000,0x0000000080004000,0x0000000084300000)
 Metaspace       used 4367K, committed 4608K, reserved 1114112K
  class space    used 474K, committed 576K, reserved 1048576K
}
Event: 15.869 GC heap before
{Heap before GC invocations=2 (full 0):
 PSYoungGen      total 29696K, used 28903K [0x00000000d5580000, 0x00000000d7680000, 0x0000000100000000)
  eden space 25600K, 100% used [0x00000000d5580000,0x00000000d6e80000,0x00000000d6e80000)
  from space 4096K, 80% used [0x00000000d6e80000,0x00000000d71b9e98,0x00000000d7280000)
  to   space 4096K, 0% used [0x00000000d7280000,0x00000000d7280000,0x00000000d7680000)
 ParOldGen       total 68608K, used 16K [0x0000000080000000, 0x0000000084300000, 0x00000000d5580000)
  object space 68608K, 0% used [0x0000000080000000,0x0000000080004000,0x0000000084300000)
 Metaspace       used 8034K, committed 8320K, reserved 1114112K
  class space    used 842K, committed 960K, reserved 1048576K
}
Event: 15.876 GC heap after
{Heap after GC invocations=2 (full 0):
 PSYoungGen      total 29696K, used 4070K [0x00000000d5580000, 0x00000000d7680000, 0x0000000100000000)
  eden space 25600K, 0% used [0x00000000d5580000,0x00000000d5580000,0x00000000d6e80000)
  from space 4096K, 99% used [0x00000000d7280000,0x00000000d7679800,0x00000000d7680000)
  to   space 4096K, 0% used [0x00000000d6e80000,0x00000000d6e80000,0x00000000d7280000)
 ParOldGen       total 68608K, used 1834K [0x0000000080000000, 0x0000000084300000, 0x00000000d5580000)
  object space 68608K, 2% used [0x0000000080000000,0x00000000801ca808,0x0000000084300000)
 Metaspace       used 8034K, committed 8320K, reserved 1114112K
  class space    used 842K, committed 960K, reserved 1048576K
}
Event: 20.193 GC heap before
{Heap before GC invocations=3 (full 0):
 PSYoungGen      total 29696K, used 29670K [0x00000000d5580000, 0x00000000d7680000, 0x0000000100000000)
  eden space 25600K, 100% used [0x00000000d5580000,0x00000000d6e80000,0x00000000d6e80000)
  from space 4096K, 99% used [0x00000000d7280000,0x00000000d7679800,0x00000000d7680000)
  to   space 4096K, 0% used [0x00000000d6e80000,0x00000000d6e80000,0x00000000d7280000)
 ParOldGen       total 68608K, used 1834K [0x0000000080000000, 0x0000000084300000, 0x00000000d5580000)
  object space 68608K, 2% used [0x0000000080000000,0x00000000801ca808,0x0000000084300000)
 Metaspace       used 9424K, committed 9728K, reserved 1114112K
  class space    used 1006K, committed 1152K, reserved 1048576K
}
Event: 20.199 GC heap after
{Heap after GC invocations=3 (full 0):
 PSYoungGen      total 29696K, used 4072K [0x00000000d5580000, 0x00000000d7680000, 0x0000000100000000)
  eden space 25600K, 0% used [0x00000000d5580000,0x00000000d5580000,0x00000000d6e80000)
  from space 4096K, 99% used [0x00000000d6e80000,0x00000000d727a340,0x00000000d7280000)
  to   space 4096K, 0% used [0x00000000d7280000,0x00000000d7280000,0x00000000d7680000)
 ParOldGen       total 68608K, used 5179K [0x0000000080000000, 0x0000000084300000, 0x00000000d5580000)
  object space 68608K, 7% used [0x0000000080000000,0x000000008050efd0,0x0000000084300000)
 Metaspace       used 9424K, committed 9728K, reserved 1114112K
  class space    used 1006K, committed 1152K, reserved 1048576K
}
Event: 28.126 GC heap before
{Heap before GC invocations=4 (full 0):
 PSYoungGen      total 29696K, used 29672K [0x00000000d5580000, 0x00000000d7680000, 0x0000000100000000)
  eden space 25600K, 100% used [0x00000000d5580000,0x00000000d6e80000,0x00000000d6e80000)
  from space 4096K, 99% used [0x00000000d6e80000,0x00000000d727a340,0x00000000d7280000)
  to   space 4096K, 0% used [0x00000000d7280000,0x00000000d7280000,0x00000000d7680000)
 ParOldGen       total 68608K, used 5179K [0x0000000080000000, 0x0000000084300000, 0x00000000d5580000)
  object space 68608K, 7% used [0x0000000080000000,0x000000008050efd0,0x0000000084300000)
 Metaspace       used 12077K, committed 12480K, reserved 1114112K
  class space    used 1287K, committed 1472K, reserved 1048576K
}
Event: 28.133 GC heap after
{Heap after GC invocations=4 (full 0):
 PSYoungGen      total 29696K, used 4089K [0x00000000d5580000, 0x00000000d7680000, 0x0000000100000000)
  eden space 25600K, 0% used [0x00000000d5580000,0x00000000d5580000,0x00000000d6e80000)
  from space 4096K, 99% used [0x00000000d7280000,0x00000000d767e618,0x00000000d7680000)
  to   space 4096K, 0% used [0x00000000d6e80000,0x00000000d6e80000,0x00000000d7280000)
 ParOldGen       total 68608K, used 6358K [0x0000000080000000, 0x0000000084300000, 0x00000000d5580000)
  object space 68608K, 9% used [0x0000000080000000,0x0000000080635970,0x0000000084300000)
 Metaspace       used 12077K, committed 12480K, reserved 1114112K
  class space    used 1287K, committed 1472K, reserved 1048576K
}
Event: 29.959 GC heap before
{Heap before GC invocations=5 (full 0):
 PSYoungGen      total 29696K, used 29689K [0x00000000d5580000, 0x00000000d7680000, 0x0000000100000000)
  eden space 25600K, 100% used [0x00000000d5580000,0x00000000d6e80000,0x00000000d6e80000)
  from space 4096K, 99% used [0x00000000d7280000,0x00000000d767e618,0x00000000d7680000)
  to   space 4096K, 0% used [0x00000000d6e80000,0x00000000d6e80000,0x00000000d7280000)
 ParOldGen       total 68608K, used 6358K [0x0000000080000000, 0x0000000084300000, 0x00000000d5580000)
  object space 68608K, 9% used [0x0000000080000000,0x0000000080635970,0x0000000084300000)
 Metaspace       used 16054K, committed 16704K, reserved 1114112K
  class space    used 1685K, committed 1984K, reserved 1048576K
}
Event: 29.966 GC heap after
{Heap after GC invocations=5 (full 0):
 PSYoungGen      total 29184K, used 4066K [0x00000000d5580000, 0x00000000d7900000, 0x0000000100000000)
  eden space 25088K, 0% used [0x00000000d5580000,0x00000000d5580000,0x00000000d6e00000)
  from space 4096K, 99% used [0x00000000d6e80000,0x00000000d7278928,0x00000000d7280000)
  to   space 5632K, 0% used [0x00000000d7380000,0x00000000d7380000,0x00000000d7900000)
 ParOldGen       total 68608K, used 7740K [0x0000000080000000, 0x0000000084300000, 0x00000000d5580000)
  object space 68608K, 11% used [0x0000000080000000,0x000000008078f180,0x0000000084300000)
 Metaspace       used 16054K, committed 16704K, reserved 1114112K
  class space    used 1685K, committed 1984K, reserved 1048576K
}

Dll operation events (11 events):
Event: 0.468 Loaded shared library c:\Users\Lenovo\.vscode\extensions\redhat.java-1.53.0-win32-x64\jre\21.0.10-win32-x86_64\bin\java.dll
Event: 0.743 Loaded shared library c:\Users\Lenovo\.vscode\extensions\redhat.java-1.53.0-win32-x64\jre\21.0.10-win32-x86_64\bin\zip.dll
Event: 0.786 Loaded shared library C:\Users\Lenovo\.vscode\extensions\redhat.java-1.53.0-win32-x64\jre\21.0.10-win32-x86_64\bin\instrument.dll
Event: 0.918 Loaded shared library C:\Users\Lenovo\.vscode\extensions\redhat.java-1.53.0-win32-x64\jre\21.0.10-win32-x86_64\bin\net.dll
Event: 1.029 Loaded shared library C:\Users\Lenovo\.vscode\extensions\redhat.java-1.53.0-win32-x64\jre\21.0.10-win32-x86_64\bin\nio.dll
Event: 1.035 Loaded shared library C:\Users\Lenovo\.vscode\extensions\redhat.java-1.53.0-win32-x64\jre\21.0.10-win32-x86_64\bin\zip.dll
Event: 1.091 Loaded shared library C:\Users\Lenovo\.vscode\extensions\redhat.java-1.53.0-win32-x64\jre\21.0.10-win32-x86_64\bin\jimage.dll
Event: 1.407 Loaded shared library c:\Users\Lenovo\.vscode\extensions\redhat.java-1.53.0-win32-x64\jre\21.0.10-win32-x86_64\bin\verify.dll
Event: 16.052 Loaded shared library C:\Users\Lenovo\AppData\Roaming\Code\User\globalStorage\redhat.java\1.53.0\config_win\org.eclipse.equinox.launcher\org.eclipse.equinox.launcher.win32.win32.x86_64_1.3.0.v20260203-2149\eclipse_11919.dll
Event: 29.161 Loaded shared library C:\Users\Lenovo\.vscode\extensions\redhat.java-1.53.0-win32-x64\jre\21.0.10-win32-x86_64\bin\management.dll
Event: 29.175 Loaded shared library C:\Users\Lenovo\.vscode\extensions\redhat.java-1.53.0-win32-x64\jre\21.0.10-win32-x86_64\bin\management_ext.dll

Deoptimization events (20 events):
Event: 29.461 Thread 0x0000026de583dfa0 DEOPT PACKING pc=0x0000026dd821bc54 sp=0x000000eba7df9a00
Event: 29.461 Thread 0x0000026de583dfa0 DEOPT UNPACKING pc=0x0000026dd7c33aa2 sp=0x000000eba7df9988 mode 2
Event: 29.815 Thread 0x0000026de583dfa0 Uncommon trap: trap_request=0xffffff45 fr.pc=0x0000026dd82c7524 relative=0x0000000000000084
Event: 29.815 Thread 0x0000026de583dfa0 Uncommon trap: reason=unstable_if action=reinterpret pc=0x0000026dd82c7524 method=java.lang.ref.SoftReference.get()Ljava/lang/Object; @ 6 c2
Event: 29.815 Thread 0x0000026de583dfa0 DEOPT PACKING pc=0x0000026dd82c7524 sp=0x000000eba7df9910
Event: 29.815 Thread 0x0000026de583dfa0 DEOPT UNPACKING pc=0x0000026dd7c33aa2 sp=0x000000eba7df98a8 mode 2
Event: 29.913 Thread 0x0000026deb096c00 Uncommon trap: trap_request=0xffffff45 fr.pc=0x0000026dd8270ae0 relative=0x00000000000000c0
Event: 29.913 Thread 0x0000026deb096c00 Uncommon trap: reason=unstable_if action=reinterpret pc=0x0000026dd8270ae0 method=java.util.concurrent.locks.ReentrantLock$NonfairSync.initialTryLock()Z @ 25 c2
Event: 29.913 Thread 0x0000026deb096c00 DEOPT PACKING pc=0x0000026dd8270ae0 sp=0x000000eba81fdc90
Event: 29.913 Thread 0x0000026deb096c00 DEOPT UNPACKING pc=0x0000026dd7c33aa2 sp=0x000000eba81fdc18 mode 2
Event: 30.009 Thread 0x0000026de583dfa0 Uncommon trap: trap_request=0xffffff45 fr.pc=0x0000026dd8298c90 relative=0x0000000000000070
Event: 30.009 Thread 0x0000026de583dfa0 Uncommon trap: reason=unstable_if action=reinterpret pc=0x0000026dd8298c90 method=java.lang.ref.ReferenceQueue.poll()Ljava/lang/ref/Reference; @ 4 c2
Event: 30.009 Thread 0x0000026de583dfa0 DEOPT PACKING pc=0x0000026dd8298c90 sp=0x000000eba7df1ab0
Event: 30.009 Thread 0x0000026de583dfa0 DEOPT UNPACKING pc=0x0000026dd7c33aa2 sp=0x000000eba7df1a38 mode 2
Event: 30.509 Thread 0x0000026de583dfa0 Uncommon trap: trap_request=0xffffff45 fr.pc=0x0000026dd82b56c4 relative=0x00000000000000a4
Event: 30.509 Thread 0x0000026de583dfa0 Uncommon trap: reason=unstable_if action=reinterpret pc=0x0000026dd82b56c4 method=java.lang.ref.ReferenceQueue.poll()Ljava/lang/ref/Reference; @ 4 c2
Event: 30.509 Thread 0x0000026de583dfa0 DEOPT PACKING pc=0x0000026dd82b56c4 sp=0x000000eba7df3a80
Event: 30.509 Thread 0x0000026de583dfa0 DEOPT UNPACKING pc=0x0000026dd7c33aa2 sp=0x000000eba7df3968 mode 2
Event: 30.689 Thread 0x0000026de583dfa0 DEOPT PACKING pc=0x0000026dd0ca44bb sp=0x000000eba7df2080
Event: 30.689 Thread 0x0000026de583dfa0 DEOPT UNPACKING pc=0x0000026dd7c34242 sp=0x000000eba7df14f0 mode 0

Classes loaded (20 events):
Event: 29.739 Loading class java/lang/ThreadDeath
Event: 29.740 Loading class java/lang/ThreadDeath done
Event: 29.822 Loading class java/util/stream/SortedOps$SizedRefSortingSink
Event: 29.823 Loading class java/util/stream/SortedOps$SizedRefSortingSink done
Event: 29.978 Loading class java/util/concurrent/atomic/Striped64$1
Event: 29.979 Loading class java/util/concurrent/atomic/Striped64$1 done
Event: 30.200 Loading class java/util/BitSet
Event: 30.201 Loading class java/util/BitSet done
Event: 30.231 Loading class sun/net/www/protocol/jrt/JavaRuntimeURLConnection
Event: 30.232 Loading class sun/net/www/protocol/jrt/JavaRuntimeURLConnection done
Event: 30.233 Loading class sun/net/www/protocol/jrt/JavaRuntimeURLConnection$1
Event: 30.234 Loading class sun/net/www/protocol/jrt/JavaRuntimeURLConnection$1 done
Event: 30.294 Loading class java/util/function/UnaryOperator
Event: 30.294 Loading class java/util/function/UnaryOperator done
Event: 30.299 Loading class java/util/ServiceConfigurationError
Event: 30.299 Loading class java/util/ServiceConfigurationError done
Event: 30.344 Loading class java/lang/InheritableThreadLocal
Event: 30.344 Loading class java/lang/InheritableThreadLocal done
Event: 30.484 Loading class java/security/AccessControlException
Event: 30.485 Loading class java/security/AccessControlException done

Classes unloaded (0 events):
No events

Classes redefined (0 events):
No events

Internal exceptions (20 events):
Event: 29.012 Thread 0x0000026de583dfa0 Exception <a 'java/lang/NoSuchMethodError'{0x00000000d64ed690}: 'java.lang.Object java.lang.invoke.DelegatingMethodHandle$Holder.reinvoke_L(java.lang.Object, java.lang.Object, java.lang.Object, java.lang.Object, int, int)'> (0x00000000d64ed690) 
thrown [s\src\hotspot\share\interpreter\linkResolver.cpp, line 773]
Event: 29.017 Thread 0x0000026de583dfa0 Exception <a 'java/lang/NoSuchMethodError'{0x00000000d650a198}: 'java.lang.Object java.lang.invoke.DirectMethodHandle$Holder.newInvokeSpecial(java.lang.Object, java.lang.Object, java.lang.Object, java.lang.Object, java.lang.Object, java.lang.Object)'> (0x00000000d650a198) 
thrown [s\src\hotspot\share\interpreter\linkResolver.cpp, line 773]
Event: 29.023 Thread 0x0000026de583dfa0 Exception <a 'java/lang/NoSuchMethodError'{0x00000000d6536848}: 'void java.lang.invoke.Invokers$Holder.invokeExact_MT(java.lang.Object, java.lang.Object, java.lang.Object, java.lang.Object)'> (0x00000000d6536848) 
thrown [s\src\hotspot\share\interpreter\linkResolver.cpp, line 773]
Event: 29.079 Thread 0x0000026de583dfa0 Exception <a 'java/io/FileNotFoundException'{0x00000000d666ce00}> (0x00000000d666ce00) 
thrown [s\src\hotspot\share\prims\jni.cpp, line 520]
Event: 29.092 Thread 0x0000026de583dfa0 Exception <a 'java/io/FileNotFoundException'{0x00000000d668b230}> (0x00000000d668b230) 
thrown [s\src\hotspot\share\prims\jni.cpp, line 520]
Event: 29.103 Thread 0x0000026de583dfa0 Exception <a 'java/io/FileNotFoundException'{0x00000000d6692cf0}> (0x00000000d6692cf0) 
thrown [s\src\hotspot\share\prims\jni.cpp, line 520]
Event: 29.569 Thread 0x0000026de583dfa0 Exception <a 'java/lang/NoSuchMethodError'{0x00000000d6b39d40}: 'java.lang.Object java.lang.invoke.DirectMethodHandle$Holder.newInvokeSpecial(java.lang.Object, java.lang.Object, java.lang.Object, java.lang.Object, java.lang.Object)'> (0x00000000d6b39d40) 
thrown [s\src\hotspot\share\interpreter\linkResolver.cpp, line 773]
Event: 29.665 Thread 0x0000026de583dfa0 Exception <a 'java/lang/NoSuchMethodError'{0x00000000d6c35538}: 'java.lang.Object java.lang.invoke.DirectMethodHandle$Holder.invokeSpecial(java.lang.Object, java.lang.Object, java.lang.Object, long, java.lang.Object)'> (0x00000000d6c35538) 
thrown [s\src\hotspot\share\interpreter\linkResolver.cpp, line 773]
Event: 29.668 Thread 0x0000026de583dfa0 Exception <a 'java/lang/NoSuchMethodError'{0x00000000d6c3cd80}: 'java.lang.Object java.lang.invoke.DirectMethodHandle$Holder.newInvokeSpecial(java.lang.Object, java.lang.Object, java.lang.Object, long)'> (0x00000000d6c3cd80) 
thrown [s\src\hotspot\share\interpreter\linkResolver.cpp, line 773]
Event: 29.669 Thread 0x0000026de583dfa0 Exception <a 'java/lang/NoSuchMethodError'{0x00000000d6c412b0}: 'java.lang.Object java.lang.invoke.DirectMethodHandle$Holder.invokeSpecial(java.lang.Object, java.lang.Object, java.lang.Object, java.lang.Object, long)'> (0x00000000d6c412b0) 
thrown [s\src\hotspot\share\interpreter\linkResolver.cpp, line 773]
Event: 29.673 Thread 0x0000026de583dfa0 Exception <a 'java/lang/NoSuchMethodError'{0x00000000d6c44ed0}: 'java.lang.Object java.lang.invoke.Invokers$Holder.linkToTargetMethod(java.lang.Object, java.lang.Object, long, java.lang.Object)'> (0x00000000d6c44ed0) 
thrown [s\src\hotspot\share\interpreter\linkResolver.cpp, line 773]
Event: 29.893 Thread 0x0000026de583dfa0 Exception <a 'java/lang/IncompatibleClassChangeError'{0x00000000d6d710f8}: Found class java.lang.Object, but interface was expected> (0x00000000d6d710f8) 
thrown [s\src\hotspot\share\interpreter\linkResolver.cpp, line 840]
Event: 29.899 Thread 0x0000026de583dfa0 Exception <a 'java/lang/NoSuchMethodError'{0x00000000d6d74c08}: 'java.lang.Object java.lang.invoke.DirectMethodHandle$Holder.invokeSpecial(java.lang.Object, java.lang.Object, java.lang.Object, int, java.lang.Object, java.lang.Object)'> (0x00000000d6d74c08) 
thrown [s\src\hotspot\share\interpreter\linkResolver.cpp, line 773]
Event: 29.902 Thread 0x0000026de583dfa0 Exception <a 'java/lang/NoSuchMethodError'{0x00000000d6d7c620}: 'java.lang.Object java.lang.invoke.DirectMethodHandle$Holder.newInvokeSpecial(java.lang.Object, java.lang.Object, java.lang.Object, int, java.lang.Object)'> (0x00000000d6d7c620) 
thrown [s\src\hotspot\share\interpreter\linkResolver.cpp, line 773]
Event: 29.905 Thread 0x0000026de583dfa0 Exception <a 'java/lang/NoSuchMethodError'{0x00000000d6d80818}: 'java.lang.Object java.lang.invoke.DirectMethodHandle$Holder.invokeSpecial(java.lang.Object, java.lang.Object, java.lang.Object, java.lang.Object, int, java.lang.Object)'> (0x00000000d6d80818) 
thrown [s\src\hotspot\share\interpreter\linkResolver.cpp, line 773]
Event: 29.906 Thread 0x0000026de583dfa0 Exception <a 'java/lang/NoSuchMethodError'{0x00000000d6d84358}: 'java.lang.Object java.lang.invoke.Invokers$Holder.linkToTargetMethod(java.lang.Object, java.lang.Object, int, java.lang.Object, java.lang.Object)'> (0x00000000d6d84358) 
thrown [s\src\hotspot\share\interpreter\linkResolver.cpp, line 773]
Event: 29.909 Thread 0x0000026deb096c00 Exception <a 'java/lang/NoSuchMethodError'{0x00000000d6c9c800}: 'java.lang.Object java.lang.invoke.DirectMethodHandle$Holder.invokeSpecial(java.lang.Object, java.lang.Object, int, java.lang.Object, java.lang.Object)'> (0x00000000d6c9c800) 
thrown [s\src\hotspot\share\interpreter\linkResolver.cpp, line 773]
Event: 29.988 Thread 0x0000026de583dfa0 Exception <a 'java/lang/NoSuchMethodError'{0x00000000d55ab608}: 'void java.lang.invoke.DirectMethodHandle$Holder.invokeSpecial(java.lang.Object, java.lang.Object, java.lang.Object, java.lang.Object, java.lang.Object)'> (0x00000000d55ab608) 
thrown [s\src\hotspot\share\interpreter\linkResolver.cpp, line 773]
Event: 30.506 Thread 0x0000026de583dfa0 Exception <a 'java/lang/NoSuchMethodError'{0x00000000d5d97b90}: 'java.lang.Object java.lang.invoke.DirectMethodHandle$Holder.invokeInterface(java.lang.Object, java.lang.Object, java.lang.Object)'> (0x00000000d5d97b90) 
thrown [s\src\hotspot\share\interpreter\linkResolver.cpp, line 773]
Event: 30.764 Thread 0x0000026de583dfa0 Exception <a 'java/lang/NoSuchMethodError'{0x00000000d6215ab0}: 'java.lang.Object java.lang.invoke.Invokers$Holder.linkToTargetMethod(java.lang.Object, long, java.lang.Object, java.lang.Object)'> (0x00000000d6215ab0) 
thrown [s\src\hotspot\share\interpreter\linkResolver.cpp, line 773]

ZGC Phase Switch (0 events):
No events

VM Operations (20 events):
Event: 26.686 Executing safepoint VM operation: Cleanup done
Event: 27.694 Executing safepoint VM operation: Cleanup
Event: 27.695 Executing safepoint VM operation: Cleanup done
Event: 27.840 Executing non-safepoint VM operation: HandshakeAllThreads (Deoptimize)
Event: 27.840 Executing non-safepoint VM operation: HandshakeAllThreads (Deoptimize) done
Event: 28.126 Executing safepoint VM operation: ParallelGCFailedAllocation (Allocation Failure)
Event: 28.133 Executing safepoint VM operation: ParallelGCFailedAllocation (Allocation Failure) done
Event: 29.136 Executing safepoint VM operation: Cleanup
Event: 29.136 Executing safepoint VM operation: Cleanup done
Event: 29.492 Executing non-safepoint VM operation: HandshakeAllThreads (Deoptimize)
Event: 29.492 Executing non-safepoint VM operation: HandshakeAllThreads (Deoptimize) done
Event: 29.959 Executing safepoint VM operation: ParallelGCFailedAllocation (Allocation Failure)
Event: 29.966 Executing safepoint VM operation: ParallelGCFailedAllocation (Allocation Failure) done
Event: 30.235 Executing non-safepoint VM operation: HandshakeAllThreads (Deoptimize)
Event: 30.235 Executing non-safepoint VM operation: HandshakeAllThreads (Deoptimize) done
Event: 30.373 Executing non-safepoint VM operation: HandshakeAllThreads (Deoptimize)
Event: 30.373 Executing non-safepoint VM operation: HandshakeAllThreads (Deoptimize) done
Event: 30.385 Executing non-safepoint VM operation: HandshakeAllThreads (Deoptimize)
Event: 30.385 Executing non-safepoint VM operation: HandshakeAllThreads (Deoptimize) done
Event: 31.397 Executing safepoint VM operation: Cleanup

Memory protections (0 events):
No events

Nmethod flushes (0 events):
No events

Events (20 events):
Event: 0.597 Thread 0x0000026dcd4ad560 Thread added: 0x0000026de5710390
Event: 0.790 Thread 0x0000026dcd4ad560 Thread added: 0x0000026de5949480
Event: 1.603 Thread 0x0000026dcd4ad560 Thread added: 0x0000026dea06ffa0
Event: 1.904 Thread 0x0000026de5710390 Thread added: 0x0000026de5a2e740
Event: 2.728 Thread 0x0000026de5a2e740 Thread exited: 0x0000026de5a2e740
Event: 2.818 Thread 0x0000026de5710390 Thread added: 0x0000026dea4cd1e0
Event: 3.292 Thread 0x0000026dcd4ad560 Thread added: 0x0000026dea6f0e00
Event: 3.990 Thread 0x0000026dea4cd1e0 Thread exited: 0x0000026dea4cd1e0
Event: 15.860 Thread 0x0000026dcd4ad560 Thread added: 0x0000026dea7db230
Event: 15.938 Thread 0x0000026dea7db230 Thread added: 0x0000026dea753f80
Event: 16.056 Thread 0x0000026dcd4ad560 Thread added: 0x0000026de583dfa0
Event: 16.330 Thread 0x0000026de5710390 Thread added: 0x0000026dea6832c0
Event: 16.969 Thread 0x0000026dea6832c0 Thread exited: 0x0000026dea6832c0
Event: 20.133 Thread 0x0000026de5710390 Thread added: 0x0000026de5aa1a40
Event: 20.279 Thread 0x0000026de583dfa0 Thread added: 0x0000026deabaa5b0
Event: 20.606 Thread 0x0000026de5aa1a40 Thread exited: 0x0000026de5aa1a40
Event: 27.819 Thread 0x0000026de583dfa0 Thread added: 0x0000026deadb05d0
Event: 28.822 Thread 0x0000026de583dfa0 Thread added: 0x0000026de5a12270
Event: 29.802 Thread 0x0000026de583dfa0 Thread added: 0x0000026deb096c00
Event: 29.912 Thread 0x0000026de583dfa0 Thread added: 0x0000026deb095850


Dynamic libraries:
0x00007ff6e0310000 - 0x00007ff6e031e000 	c:\Users\Lenovo\.vscode\extensions\redhat.java-1.53.0-win32-x64\jre\21.0.10-win32-x86_64\bin\java.exe
0x00007ffff1040000 - 0x00007ffff12a8000 	C:\WINDOWS\SYSTEM32\ntdll.dll
0x00007fffef890000 - 0x00007fffef959000 	C:\WINDOWS\System32\KERNEL32.DLL
0x00007fffedb80000 - 0x00007fffedf71000 	C:\WINDOWS\System32\KERNELBASE.dll
0x00007fffee2d0000 - 0x00007fffee41b000 	C:\WINDOWS\System32\ucrtbase.dll
0x00007fffdfce0000 - 0x00007fffdfcf8000 	c:\Users\Lenovo\.vscode\extensions\redhat.java-1.53.0-win32-x64\jre\21.0.10-win32-x86_64\bin\jli.dll
0x00007fffdfd00000 - 0x00007fffdfd1e000 	c:\Users\Lenovo\.vscode\extensions\redhat.java-1.53.0-win32-x64\jre\21.0.10-win32-x86_64\bin\VCRUNTIME140.dll
0x00007ffff0290000 - 0x00007ffff0456000 	C:\WINDOWS\System32\USER32.dll
0x00007fffedaa0000 - 0x00007fffedac7000 	C:\WINDOWS\System32\win32u.dll
0x00007fffeedf0000 - 0x00007fffeee1b000 	C:\WINDOWS\System32\GDI32.dll
0x00007fffce8a0000 - 0x00007fffceb33000 	C:\WINDOWS\WinSxS\amd64_microsoft.windows.common-controls_6595b64144ccf1df_6.0.26100.7824_none_3e0870b2e3345462\COMCTL32.dll
0x00007fffedf80000 - 0x00007fffee0ab000 	C:\WINDOWS\System32\gdi32full.dll
0x00007fffedad0000 - 0x00007fffedb73000 	C:\WINDOWS\System32\msvcp_win.dll
0x00007fffefcb0000 - 0x00007fffefd59000 	C:\WINDOWS\System32\msvcrt.dll
0x00007fffefa60000 - 0x00007fffefa91000 	C:\WINDOWS\System32\IMM32.DLL
0x00007fffdfca0000 - 0x00007fffdfcac000 	c:\Users\Lenovo\.vscode\extensions\redhat.java-1.53.0-win32-x64\jre\21.0.10-win32-x86_64\bin\vcruntime140_1.dll
0x00007fff88750000 - 0x00007fff887dd000 	c:\Users\Lenovo\.vscode\extensions\redhat.java-1.53.0-win32-x64\jre\21.0.10-win32-x86_64\bin\msvcp140.dll
0x00007fff49fe0000 - 0x00007fff4ad81000 	c:\Users\Lenovo\.vscode\extensions\redhat.java-1.53.0-win32-x64\jre\21.0.10-win32-x86_64\bin\server\jvm.dll
0x00007fffef7d0000 - 0x00007fffef884000 	C:\WINDOWS\System32\ADVAPI32.dll
0x00007fffef960000 - 0x00007fffefa06000 	C:\WINDOWS\System32\sechost.dll
0x00007fffefb30000 - 0x00007fffefc48000 	C:\WINDOWS\System32\RPCRT4.dll
0x00007fffeee20000 - 0x00007fffeee94000 	C:\WINDOWS\System32\WS2_32.dll
0x00007fffed780000 - 0x00007fffed7de000 	C:\WINDOWS\SYSTEM32\POWRPROF.dll
0x00007fffe5280000 - 0x00007fffe52b5000 	C:\WINDOWS\SYSTEM32\WINMM.dll
0x00007fffe8390000 - 0x00007fffe839b000 	C:\WINDOWS\SYSTEM32\VERSION.dll
0x00007fffed760000 - 0x00007fffed774000 	C:\WINDOWS\SYSTEM32\UMPDC.dll
0x00007fffec680000 - 0x00007fffec69b000 	C:\WINDOWS\SYSTEM32\kernel.appcore.dll
0x00007fffdbca0000 - 0x00007fffdbcaa000 	c:\Users\Lenovo\.vscode\extensions\redhat.java-1.53.0-win32-x64\jre\21.0.10-win32-x86_64\bin\jimage.dll
0x00007fffd7060000 - 0x00007fffd72a2000 	C:\WINDOWS\SYSTEM32\DBGHELP.DLL
0x00007ffff0bf0000 - 0x00007ffff0f76000 	C:\WINDOWS\System32\combase.dll
0x00007fffefd60000 - 0x00007fffefe37000 	C:\WINDOWS\System32\OLEAUT32.dll
0x00007fffcc890000 - 0x00007fffcc8cb000 	C:\WINDOWS\SYSTEM32\dbgcore.DLL
0x00007fffee0b0000 - 0x00007fffee155000 	C:\WINDOWS\System32\bcryptPrimitives.dll
0x00007fffdbc60000 - 0x00007fffdbc6f000 	c:\Users\Lenovo\.vscode\extensions\redhat.java-1.53.0-win32-x64\jre\21.0.10-win32-x86_64\bin\instrument.dll
0x00007fffd6b70000 - 0x00007fffd6b90000 	c:\Users\Lenovo\.vscode\extensions\redhat.java-1.53.0-win32-x64\jre\21.0.10-win32-x86_64\bin\java.dll
0x00007fffeeea0000 - 0x00007fffef5f2000 	C:\WINDOWS\System32\SHELL32.dll
0x00007fffee160000 - 0x00007fffee2ca000 	C:\WINDOWS\System32\wintypes.dll
0x00007fffee420000 - 0x00007fffeec83000 	C:\WINDOWS\System32\windows.storage.dll
0x00007ffff0af0000 - 0x00007ffff0be6000 	C:\WINDOWS\System32\SHCORE.dll
0x00007ffff0a80000 - 0x00007ffff0ae7000 	C:\WINDOWS\System32\shlwapi.dll
0x00007fffed840000 - 0x00007fffed869000 	C:\WINDOWS\SYSTEM32\profapi.dll
0x00007fffd6b50000 - 0x00007fffd6b68000 	c:\Users\Lenovo\.vscode\extensions\redhat.java-1.53.0-win32-x64\jre\21.0.10-win32-x86_64\bin\zip.dll
0x00007fffd8600000 - 0x00007fffd8610000 	C:\Users\Lenovo\.vscode\extensions\redhat.java-1.53.0-win32-x64\jre\21.0.10-win32-x86_64\bin\net.dll
0x00007fffe3760000 - 0x00007fffe3887000 	C:\WINDOWS\SYSTEM32\WINHTTP.dll
0x00007fffecbd0000 - 0x00007fffecc3b000 	C:\WINDOWS\system32\mswsock.dll
0x00007fffd6b30000 - 0x00007fffd6b46000 	C:\Users\Lenovo\.vscode\extensions\redhat.java-1.53.0-win32-x64\jre\21.0.10-win32-x86_64\bin\nio.dll
0x00007fffd6b00000 - 0x00007fffd6b10000 	c:\Users\Lenovo\.vscode\extensions\redhat.java-1.53.0-win32-x64\jre\21.0.10-win32-x86_64\bin\verify.dll
0x00007fff65950000 - 0x00007fff65995000 	C:\Users\Lenovo\AppData\Roaming\Code\User\globalStorage\redhat.java\1.53.0\config_win\org.eclipse.equinox.launcher\org.eclipse.equinox.launcher.win32.win32.x86_64_1.3.0.v20260203-2149\eclipse_11919.dll
0x00007fffefe50000 - 0x00007fffeffe7000 	C:\WINDOWS\System32\ole32.dll
0x00007fffd68d0000 - 0x00007fffd68da000 	C:\Users\Lenovo\.vscode\extensions\redhat.java-1.53.0-win32-x64\jre\21.0.10-win32-x86_64\bin\management.dll
0x00007fffd68c0000 - 0x00007fffd68cc000 	C:\Users\Lenovo\.vscode\extensions\redhat.java-1.53.0-win32-x64\jre\21.0.10-win32-x86_64\bin\management_ext.dll
0x00007fffefe40000 - 0x00007fffefe48000 	C:\WINDOWS\System32\PSAPI.DLL

JVMTI agents:
c:\Users\Lenovo\.vscode\extensions\redhat.java-1.53.0-win32-x64\lombok\lombok-1.18.39-4050.jar path:c:\Users\Lenovo\.vscode\extensions\redhat.java-1.53.0-win32-x64\jre\21.0.10-win32-x86_64\bin\instrument.dll, loaded, initialized, instrumentlib options:none

dbghelp: loaded successfully - version: 4.0.5 - missing functions: none
symbol engine: initialized successfully - sym options: 0x614 - pdb path: .;c:\Users\Lenovo\.vscode\extensions\redhat.java-1.53.0-win32-x64\jre\21.0.10-win32-x86_64\bin;C:\WINDOWS\SYSTEM32;C:\WINDOWS\WinSxS\amd64_microsoft.windows.common-controls_6595b64144ccf1df_6.0.26100.7824_none_3e0870b2e3345462;c:\Users\Lenovo\.vscode\extensions\redhat.java-1.53.0-win32-x64\jre\21.0.10-win32-x86_64\bin\server;C:\Users\Lenovo\AppData\Roaming\Code\User\globalStorage\redhat.java\1.53.0\config_win\org.eclipse.equinox.launcher\org.eclipse.equinox.launcher.win32.win32.x86_64_1.3.0.v20260203-2149

VM Arguments:
jvm_args: --add-modules=ALL-SYSTEM --add-opens=java.base/java.util=ALL-UNNAMED --add-opens=java.base/java.lang=ALL-UNNAMED --add-opens=java.base/sun.nio.fs=ALL-UNNAMED -Declipse.application=org.eclipse.jdt.ls.core.id1 -Dosgi.bundles.defaultStartLevel=4 -Declipse.product=org.eclipse.jdt.ls.core.product -Djava.import.generatesMetadataFilesAtProjectRoot=false -DDetectVMInstallationsJob.disabled=true -Dfile.encoding=utf8 -XX:+UseParallelGC -XX:GCTimeRatio=4 -XX:AdaptiveSizePolicyWeight=90 -Dsun.zip.disableMemoryMapping=true -Xmx2G -Xms100m -Xlog:disable -javaagent:c:\Users\Lenovo\.vscode\extensions\redhat.java-1.53.0-win32-x64\lombok\lombok-1.18.39-4050.jar -XX:+HeapDumpOnOutOfMemoryError -XX:HeapDumpPath=c:\Users\Lenovo\AppData\Roaming\Code\User\workspaceStorage\2c69eb0acc150a80d6cf29dba5d13a46\redhat.java -Daether.dependencyCollector.impl=bf 
java_command: c:\Users\Lenovo\.vscode\extensions\redhat.java-1.53.0-win32-x64\server\plugins\org.eclipse.equinox.launcher_1.7.100.v20251111-0406.jar -configuration c:\Users\Lenovo\AppData\Roaming\Code\User\globalStorage\redhat.java\1.53.0\config_win -data c:\Users\Lenovo\AppData\Roaming\Code\User\workspaceStorage\2c69eb0acc150a80d6cf29dba5d13a46\redhat.java\jdt_ws --pipe=\\.\pipe\lsp-6fdbd848ba31a6ec2a9eba0f3791b7d5-sock
java_class_path (initial): c:\Users\Lenovo\.vscode\extensions\redhat.java-1.53.0-win32-x64\server\plugins\org.eclipse.equinox.launcher_1.7.100.v20251111-0406.jar
Launcher Type: SUN_STANDARD

[Global flags]
    uintx AdaptiveSizePolicyWeight                 = 90                                        {product} {command line}
     intx CICompilerCount                          = 4                                         {product} {ergonomic}
    uintx GCTimeRatio                              = 4                                         {product} {command line}
     bool HeapDumpOnOutOfMemoryError               = true                                   {manageable} {command line}
    ccstr HeapDumpPath                             = c:\Users\Lenovo\AppData\Roaming\Code\User\workspaceStorage\2c69eb0acc150a80d6cf29dba5d13a46\redhat.java         {manageable} {command line}
   size_t InitialHeapSize                          = 104857600                                 {product} {command line}
   size_t MaxHeapSize                              = 2147483648                                {product} {command line}
   size_t MaxNewSize                               = 715653120                                 {product} {ergonomic}
   size_t MinHeapDeltaBytes                        = 524288                                    {product} {ergonomic}
   size_t MinHeapSize                              = 104857600                                 {product} {command line}
   size_t NewSize                                  = 34603008                                  {product} {ergonomic}
    uintx NonNMethodCodeHeapSize                   = 5839372                                {pd product} {ergonomic}
    uintx NonProfiledCodeHeapSize                  = 122909434                              {pd product} {ergonomic}
   size_t OldSize                                  = 70254592                                  {product} {ergonomic}
    uintx ProfiledCodeHeapSize                     = 122909434                              {pd product} {ergonomic}
    uintx ReservedCodeCacheSize                    = 251658240                              {pd product} {ergonomic}
     bool SegmentedCodeCache                       = true                                      {product} {ergonomic}
   size_t SoftMaxHeapSize                          = 2147483648                             {manageable} {ergonomic}
     bool UseCompressedOops                        = true                           {product lp64_product} {ergonomic}
     bool UseLargePagesIndividualAllocation        = false                                  {pd product} {ergonomic}
     bool UseParallelGC                            = true                                      {product} {command line}

Logging:
Log output configuration:
 #0: stdout all=off uptime,level,tags foldmultilines=false
 #1: stderr all=off uptime,level,tags foldmultilines=false

Release file:
JAVA_VERSION="21.0.10" 
MODULES="java.base java.compiler java.datatransfer java.xml java.prefs java.desktop java.instrument java.logging java.management java.security.sasl java.naming java.rmi java.management.rmi java.net.http java.scripting java.security.jgss java.transaction.xa java.sql java.sql.rowset java.xml.crypto java.se java.smartcardio jdk.accessibility jdk.internal.jvmstat jdk.attach jdk.charsets jdk.internal.opt jdk.zipfs jdk.compiler jdk.crypto.ec jdk.crypto.cryptoki jdk.crypto.mscapi jdk.dynalink jdk.internal.ed jdk.editpad jdk.hotspot.agent jdk.httpserver jdk.internal.le jdk.internal.vm.ci jdk.internal.vm.compiler jdk.internal.vm.compiler.management jdk.jartool jdk.javadoc jdk.jcmd jdk.management jdk.management.agent jdk.jconsole jdk.jdeps jdk.jdwp.agent jdk.jdi jdk.jfr jdk.jshell jdk.jsobject jdk.jstatd jdk.localedata jdk.management.jfr jdk.naming.dns jdk.naming.rmi jdk.net jdk.nio.mapmode jdk.random jdk.sctp jdk.security.auth jdk.security.jgss jdk.unsupported jdk.unsupported.desktop jdk.xml.dom" 

Environment Variables:
JAVA_HOME=C:\Users\Lenovo\Downloads\OpenJDK11U-jdk_x64_windows_hotspot_11.0.28_6\jdk-11.0.28+6
PATH=C:\Users\Lenovo\AppData\Local\Programs\Microsoft VS Code;C:\Program Files\Common Files\Oracle\Java\javapath;C:\Program Files (x86)\Common Files\Oracle\Java\java8path;C:\Program Files (x86)\Common Files\Oracle\Java\javapath;C:\hadoop-3.4.1\bin;C:\hadoop-3.4.1\sbin;C:\Program Files\MySQL\MySQL Server 8.0\bin;C:\Program Files\nodejs\;C:\Users\Lenovo\Desktop\Docker Desktop.lnk;C:\hbase-2.5.12\bin;C:\Users\Lenovo\Downloads\OpenJDK11U-jdk_x64_windows_hotspot_11.0.28_6\jdk-11.0.28+6\bin;C:\Program Files\Docker\Docker\resources\bin;C:\Program Files\Git\bin;C:\Program Files\Git\cmd;C:\Users\Lenovo\AppData\Local\Programs\Python\Python311\Scripts\;C:\Users\Lenovo\AppData\Local\Programs\Python\Python311\;C:\Program Files\MySQL\MySQL Shell 8.0\bin\;C:\Users\Lenovo\AppData\Local\Programs\Python\Python312\Scripts\;C:\Users\Lenovo\AppData\Local\Programs\Python\Python312\;C:\Users\Lenovo\AppData\Local\Programs\Python\Launcher\;C:\Users\Lenovo\AppData\Local\Microsoft\WindowsApps;C:\Users\Lenovo\AppData\Local\Programs\Microsoft VS Code\bin;C:\Users\Lenovo\Downloads\flutter_windows_3.24.5-stable\flutter\bin;C:\Users\Lenovo\AppData\Local\Microsoft\WinGet\Packages\Schniz.fnm_Microsoft.Winget.Source_8wekyb3d8bbwe;C:\Users\Lenovo\AppData\Local\Programs\mongosh\;C:\Users\Lenovo\AppData\Roaming\npm;C:\Users\Lenovo\Desktop\Docker Desktop.lnk;C:\Users\Lenovo\AppData\Local\Programs\Antigravity\bin
USERNAME=Lenovo
OS=Windows_NT
PROCESSOR_IDENTIFIER=AMD64 Family 23 Model 160 Stepping 0, AuthenticAMD
TMP=C:\Users\Lenovo\AppData\Local\Temp
TEMP=C:\Users\Lenovo\AppData\Local\Temp




Periodic native trim disabled

---------------  S Y S T E M  ---------------

OS:
 Windows 11 , 64 bit Build 26100 (10.0.26100.7705)
OS uptime: 3 days 0:40 hours
Hyper-V role detected

CPU: total 8 (initial active 8) (8 cores per cpu, 2 threads per core) family 23 model 160 stepping 0 microcode 0x8a00009, cx8, cmov, fxsr, ht, mmx, 3dnowpref, sse, sse2, sse3, ssse3, sse4a, sse4.1, sse4.2, popcnt, lzcnt, tsc, tscinvbit, avx, avx2, aes, clmul, bmi1, bmi2, adx, sha, fma, vzeroupper, clflush, clflushopt, hv, rdtscp, rdpid, f16c
Processor Information for the first 8 processors :
  Max Mhz: 2401, Current Mhz: 2401, Mhz Limit: 2401

Memory: 4k page, system-wide physical 5965M (1286M free)
TotalPageFile size 24397M (AvailPageFile size 41M)
current process WorkingSet (physical memory assigned to process): 107M, peak: 123M
current process commit charge ("private bytes"): 264M, peak: 279M

vm_info: OpenJDK 64-Bit Server VM (21.0.10+7-LTS) for windows-amd64 JRE (21.0.10+7-LTS), built on 2026-01-20T00:00:00Z by "admin" with MS VC++ 17.12 (VS2022)

END.
